/bin/sh: 1: /root/dnsproject/download_daily.sh: not found
Daily download completed successfully. Running DNS lookup...
check  (248163, 13)
Elapsed time:  2530.3187832832336
Daily download completed successfully. Running DNS lookup...
check  (188788, 13)
check  (436951, 13)
Elapsed time:  4443.053743600845
Daily download completed successfully. Running DNS lookup...
check  (158114, 13)
check  (346902, 13)
check  (595065, 13)
Elapsed time:  6041.185610294342
19000551
(212219, 8)
Traceback (most recent call last):
  File "/root/dnsproject/download_daily.py", line 20, in <module>
    df.to_parquet(directory + file, index=False)
  File "/root/dnsenv/lib/python3.11/site-packages/pandas/core/frame.py", line 2970, in to_parquet
    return to_parquet(
           ^^^^^^^^^^^
  File "/root/dnsenv/lib/python3.11/site-packages/pandas/io/parquet.py", line 483, in to_parquet
    impl.write(
  File "/root/dnsenv/lib/python3.11/site-packages/pandas/io/parquet.py", line 197, in write
    path_or_handle, handles, filesystem = _get_path_or_handle(
                                          ^^^^^^^^^^^^^^^^^^^^
  File "/root/dnsenv/lib/python3.11/site-packages/pandas/io/parquet.py", line 139, in _get_path_or_handle
    handles = get_handle(
              ^^^^^^^^^^^
  File "/root/dnsenv/lib/python3.11/site-packages/pandas/io/common.py", line 739, in get_handle
    check_parent_directory(str(handle))
  File "/root/dnsenv/lib/python3.11/site-packages/pandas/io/common.py", line 604, in check_parent_directory
    raise OSError(rf"Cannot save file into a non-existent directory: '{parent}'")
OSError: Cannot save file into a non-existent directory: 'E:/domains-monitor/updates'
script1.py failed. script2.py will not be run.
